OpenROAD 26Q2-2466-gd1f7a8dec3 
Features included (+) or not (-): +GPU +GUI +Python
This program is licensed under the BSD-3 license. See the LICENSE file for details.
Components of this program may be licensed under more restrictive licenses which must be honored.
[INFO ODB-0227] LEF file: /home/tanuj/.volare/sky130A/libs.ref/sky130_fd_sc_hd/techlef/sky130_fd_sc_hd__nom.tlef, created 14 layers, 25 vias
[WARNING ODB-0220] WARNING (LEFPARS-2008): NOWIREEXTENSIONATPIN statement is obsolete in version 5.6 or later.
The NOWIREEXTENSIONATPIN statement will be ignored. See file /home/tanuj/.volare/sky130A/libs.ref/sky130_fd_sc_hd/lef/sky130_fd_sc_hd.lef at line 2.

[INFO ODB-0227] LEF file: /home/tanuj/.volare/sky130A/libs.ref/sky130_fd_sc_hd/lef/sky130_fd_sc_hd.lef, created 437 library cells
[WARNING CTS-0104] Clock wire resistance/capacitance values are zero.
Use set_wire_rc to set them.
[INFO CTS-0050] Root buffer is sky130_fd_sc_hd__clkbuf_16.
[INFO CTS-0051] Sink buffer is sky130_fd_sc_hd__clkbuf_2.
[INFO CTS-0052] The following clock buffers will be used for CTS:
                    sky130_fd_sc_hd__clkbuf_2
                    sky130_fd_sc_hd__clkbuf_4
                    sky130_fd_sc_hd__clkbuf_8
                    sky130_fd_sc_hd__clkbuf_16
[INFO CTS-0049] Characterization buffer is sky130_fd_sc_hd__clkbuf_16.
[INFO CTS-0007] Net "clk" found for clock "clk".
[INFO CTS-0010]  Clock net "clk" has 149 sinks.
[INFO CTS-0008] TritonCTS found 1 clock nets.
[INFO CTS-0097] Characterization used 4 buffer(s) types.
[INFO CTS-0201] 0 blockages from hard placement blockages and placed macros will be used.
[INFO CTS-0027] Generating H-Tree topology for net clk.
[INFO CTS-0028]  Total number of sinks: 149.
[INFO CTS-0029]  Register sinks will be clustered in groups of up to 20 and with maximum cluster diameter of 40.0 um.
[INFO CTS-0030]  Number of static layers: 0.
[INFO CTS-0020]  Wire segment unit: 13600  dbu (13 um).
[INFO CTS-0023]  Original sink region: [(10845, 12180), (92265, 96620)].
[INFO CTS-0024]  Normalized sink region: [(0.797426, 0.895588), (6.78419, 7.10441)].
[INFO CTS-0025]     Width:  5.9868.
[INFO CTS-0026]     Height: 6.2088.
 Level 1
    Direction: Vertical
    Sinks per sub-region: 75
    Sub-region size: 5.9868 X 3.1044
[INFO CTS-0034]     Segment length (rounded): 1.
 Level 2
    Direction: Horizontal
    Sinks per sub-region: 38
    Sub-region size: 2.9934 X 3.1044
[INFO CTS-0034]     Segment length (rounded): 1.
 Level 3
    Direction: Vertical
    Sinks per sub-region: 19
    Sub-region size: 2.9934 X 1.5522
[INFO CTS-0034]     Segment length (rounded): 1.
 Level 4
    Direction: Horizontal
    Sinks per sub-region: 10
    Sub-region size: 1.4967 X 1.5522
[INFO CTS-0034]     Segment length (rounded): 1.
[INFO CTS-0032]  Stop criterion found. Max number of sinks is 15.
[INFO CTS-0035]  Number of sinks covered: 149.
[INFO CTS-0018]     Created 17 clock buffers.
[INFO CTS-0012]     Minimum number of buffers in the clock path: 2.
[INFO CTS-0013]     Maximum number of buffers in the clock path: 2.
[INFO CTS-0015]     Created 17 clock nets.
[INFO CTS-0016]     Fanout distribution for the current clock = 5:2, 7:1, 8:2, 9:3, 10:5, 12:1, 13:1, 14:1..
[INFO CTS-0017]     Max level of the clock tree: 4.
[INFO CTS-0098] Clock net "clk"
[INFO CTS-0099]  Sinks 164
[INFO CTS-0100]  Leaf buffers 0
[INFO CTS-0101]  Average sink wire length 110.45 um
[INFO CTS-0102]  Path depth 2 - 2
[INFO CTS-0207]  Dummy loads inserted 15
[INFO CTS-0500] Runtime: 7.04s
[WARNING EST-0018] wire capacitance for corner default is zero. Use the set_wire_rc command to set wire resistance and capacitance.
Total number of Clock Roots: 1.
Total number of Buffers Inserted: 17.
Total number of Clock Subnets: 17.
Total number of Sinks: 149.
Cells used:
  sky130_fd_sc_hd__clkbuf_16: 17
Dummys used:
  sky130_fd_sc_hd__bufinv_16: 5
  sky130_fd_sc_hd__clkbuf_4: 1
  sky130_fd_sc_hd__clkbuf_8: 1
  sky130_fd_sc_hd__clkinv_4: 2
  sky130_fd_sc_hd__clkinvlp_4: 3
  sky130_fd_sc_hd__inv_6: 1
  sky130_fd_sc_hd__inv_8: 2
Clock                   Period          Waveform
----------------------------------------------------
clk                      10.00        0.00      5.00
Clock clk
   0.36 source latency _0924_/CLK ^
  -0.36 target latency _0876_/CLK ^
   0.20 clock uncertainty
   0.00 CRPR
--------------
   0.20 setup skew

Startpoint                           Endpoint                               Slack
--------------------------------------------------------------------------------
wr_en (input)                        _0867_/D (sky130_fd_sc_hd__dfxtp_1)     5.63

[6n[999C[6n[156Dopenroad> exit
