Startpoint: _0995_ (rising edge-triggered flip-flop clocked by clk)
Endpoint: _0995_ (rising edge-triggered flip-flop clocked by clk)
Path Group: clk
Path Type: min

  Delay    Time   Description
---------------------------------------------------------
   0.00    0.00   clock clk (rise edge)
   0.00    0.00   clock source latency
   0.00    0.00 ^ clk (in)
   0.19    0.19 ^ clkbuf_0_clk/X (sky130_fd_sc_hd__clkbuf_16)
   0.17    0.37 ^ clkbuf_4_4_0_clk/X (sky130_fd_sc_hd__clkbuf_16)
   0.00    0.37 ^ _0995_/CLK (sky130_fd_sc_hd__dfxtp_1)
   0.30    0.67 ^ _0995_/Q (sky130_fd_sc_hd__dfxtp_1)
   0.04    0.71 v _0449_/Y (sky130_fd_sc_hd__nand2_1)
   0.05    0.75 ^ _0451_/Y (sky130_fd_sc_hd__o21ai_0)
   0.00    0.75 ^ _0995_/D (sky130_fd_sc_hd__dfxtp_1)
           0.75   data arrival time

   0.00    0.00   clock clk (rise edge)
   0.00    0.00   clock source latency
   0.00    0.00 ^ clk (in)
   0.21    0.21 ^ clkbuf_0_clk/X (sky130_fd_sc_hd__clkbuf_16)
   0.19    0.40 ^ clkbuf_4_4_0_clk/X (sky130_fd_sc_hd__clkbuf_16)
   0.00    0.41 ^ _0995_/CLK (sky130_fd_sc_hd__dfxtp_1)
   0.20    0.61   clock uncertainty
  -0.04    0.57   clock reconvergence pessimism
  -0.03    0.54   library hold time
           0.54   data required time
---------------------------------------------------------
           0.54   data required time
          -0.75   data arrival time
---------------------------------------------------------
           0.22   slack (MET)


