Startpoint: wr_en (input port clocked by clk)
Endpoint: _0865_ (rising edge-triggered flip-flop clocked by clk)
Path Group: clk
Path Type: max

  Delay    Time   Description
---------------------------------------------------------
   0.00    0.00   clock clk (rise edge)
   0.00    0.00   clock network delay (propagated)
   2.00    2.00 ^ input external delay
   0.03    2.03 ^ wr_en (in)
   0.14    2.18 v _0426_/Y (sky130_fd_sc_hd__clkinv_1)
   2.79    4.96 ^ _0434_/Y (sky130_fd_sc_hd__a211oi_1)
   2.05    7.01 v _0771_/Y (sky130_fd_sc_hd__nand3_1)
   0.87    7.88 ^ _0775_/Y (sky130_fd_sc_hd__o21ai_0)
   0.00    7.88 ^ _0865_/D (sky130_fd_sc_hd__dfxtp_1)
           7.88   data arrival time

  10.00   10.00   clock clk (rise edge)
   0.00   10.00   clock source latency
   0.00   10.00 ^ clk (in)
   0.34   10.34 ^ clkbuf_0_clk/X (sky130_fd_sc_hd__clkbuf_16)
   0.32   10.66 ^ clkbuf_4_13_0_clk/X (sky130_fd_sc_hd__clkbuf_16)
   0.00   10.66 ^ _0865_/CLK (sky130_fd_sc_hd__dfxtp_1)
  -0.20   10.46   clock uncertainty
   0.00   10.46   clock reconvergence pessimism
  -0.24   10.22   library setup time
          10.22   data required time
---------------------------------------------------------
          10.22   data required time
          -7.88   data arrival time
---------------------------------------------------------
           2.34   slack (MET)


