Startpoint: _0995_ (rising edge-triggered flip-flop clocked by clk)
Endpoint: _0995_ (rising edge-triggered flip-flop clocked by clk)
Path Group: clk
Path Type: min

  Delay    Time   Description
---------------------------------------------------------
   0.00    0.00   clock clk (rise edge)
   0.00    0.00   clock source latency
   0.00    0.00 ^ clk (in)
   0.20    0.20 ^ clkbuf_0_clk/X (sky130_fd_sc_hd__clkbuf_16)
   0.18    0.39 ^ clkbuf_4_4_0_clk/X (sky130_fd_sc_hd__clkbuf_16)
   0.00    0.39 ^ _0995_/CLK (sky130_fd_sc_hd__dfxtp_1)
   0.31    0.70 ^ _0995_/Q (sky130_fd_sc_hd__dfxtp_1)
   0.04    0.74 v _0449_/Y (sky130_fd_sc_hd__nand2_1)
   0.05    0.79 ^ _0451_/Y (sky130_fd_sc_hd__o21ai_0)
   0.00    0.79 ^ _0995_/D (sky130_fd_sc_hd__dfxtp_1)
           0.79   data arrival time

   0.00    0.00   clock clk (rise edge)
   0.00    0.00   clock source latency
   0.00    0.00 ^ clk (in)
   0.20    0.20 ^ clkbuf_0_clk/X (sky130_fd_sc_hd__clkbuf_16)
   0.18    0.39 ^ clkbuf_4_4_0_clk/X (sky130_fd_sc_hd__clkbuf_16)
   0.00    0.39 ^ _0995_/CLK (sky130_fd_sc_hd__dfxtp_1)
   0.20    0.59   clock uncertainty
   0.00    0.59   clock reconvergence pessimism
  -0.03    0.55   library hold time
           0.55   data required time
---------------------------------------------------------
           0.55   data required time
          -0.79   data arrival time
---------------------------------------------------------
           0.24   slack (MET)


