Startpoint: _0995_ (rising edge-triggered flip-flop clocked by clk)
Endpoint: _0995_ (rising edge-triggered flip-flop clocked by clk)
Path Group: clk
Path Type: min

  Delay    Time   Description
---------------------------------------------------------
   0.00    0.00   clock clk (rise edge)
   0.00    0.00   clock source latency
   0.00    0.00 ^ clk (in)
   0.34    0.34 ^ clkbuf_0_clk/X (sky130_fd_sc_hd__clkbuf_16)
   0.32    0.66 ^ clkbuf_4_4_0_clk/X (sky130_fd_sc_hd__clkbuf_16)
   0.00    0.66 ^ _0995_/CLK (sky130_fd_sc_hd__dfxtp_1)
   0.59    1.25 v _0995_/Q (sky130_fd_sc_hd__dfxtp_1)
   0.07    1.33 ^ _0449_/Y (sky130_fd_sc_hd__nand2_1)
   0.12    1.44 v _0451_/Y (sky130_fd_sc_hd__o21ai_0)
   0.00    1.45 v _0995_/D (sky130_fd_sc_hd__dfxtp_1)
           1.45   data arrival time

   0.00    0.00   clock clk (rise edge)
   0.00    0.00   clock source latency
   0.00    0.00 ^ clk (in)
   0.34    0.34 ^ clkbuf_0_clk/X (sky130_fd_sc_hd__clkbuf_16)
   0.32    0.66 ^ clkbuf_4_4_0_clk/X (sky130_fd_sc_hd__clkbuf_16)
   0.00    0.66 ^ _0995_/CLK (sky130_fd_sc_hd__dfxtp_1)
   0.20    0.86   clock uncertainty
   0.00    0.86   clock reconvergence pessimism
  -0.11    0.75   library hold time
           0.75   data required time
---------------------------------------------------------
           0.75   data required time
          -1.45   data arrival time
---------------------------------------------------------
           0.70   slack (MET)


