OpenROAD 26Q2-2466-gd1f7a8dec3 
Features included (+) or not (-): +GPU +GUI +Python
This program is licensed under the BSD-3 license. See the LICENSE file for details.
Components of this program may be licensed under more restrictive licenses which must be honored.
[INFO ODB-0227] LEF file: /home/tanuj/.volare/sky130A/libs.ref/sky130_fd_sc_hd/techlef/sky130_fd_sc_hd__nom.tlef, created 14 layers, 25 vias
[WARNING ODB-0220] WARNING (LEFPARS-2008): NOWIREEXTENSIONATPIN statement is obsolete in version 5.6 or later.
The NOWIREEXTENSIONATPIN statement will be ignored. See file /home/tanuj/.volare/sky130A/libs.ref/sky130_fd_sc_hd/lef/sky130_fd_sc_hd.lef at line 2.

[INFO ODB-0227] LEF file: /home/tanuj/.volare/sky130A/libs.ref/sky130_fd_sc_hd/lef/sky130_fd_sc_hd.lef, created 437 library cells
[WARNING IFP-0028] Core area lower left (10.000, 10.000) snapped to (10.120, 10.880).
[INFO IFP-0001] Added 32 rows of 195 site unithd.
[INFO IFP-0100] Die BBox:  (  0.000  0.000 ) ( 110.000 110.000 ) um
[INFO IFP-0101] Core BBox: ( 10.120 10.880 ) ( 99.820 97.920 ) um
[INFO IFP-0102] Core area:                         7807.488 um^2
[INFO IFP-0103] Total instances area:              5640.410 um^2
[INFO IFP-0104] Effective utilization:                0.722
[INFO IFP-0105] Number of instances:                    576
Found 0 macro blocks.
Using 2 tracks default min distance between IO pins.
[INFO PPL-0001] Number of available slots 548
[INFO PPL-0002] Number of I/O             22
[INFO PPL-0003] Number of I/O w/sink      22
[INFO PPL-0004] Number of I/O w/o sink    0
[INFO PPL-0005] Slots per section         200
[INFO PPL-0008] Successfully assigned pins to sections.
[INFO PPL-0012] I/O nets HPWL: 1292.28 um.
[6n[999C[6n[156Dopenroad> exit
