Startpoint: _0995_ (rising edge-triggered flip-flop clocked by clk)
Endpoint: _0995_ (rising edge-triggered flip-flop clocked by clk)
Path Group: clk
Path Type: min

  Delay    Time   Description
---------------------------------------------------------
   0.00    0.00   clock clk (rise edge)
   0.00    0.00   clock source latency
   0.00    0.00 ^ clk (in)
   0.15    0.15 ^ clkbuf_0_clk/X (sky130_fd_sc_hd__clkbuf_16)
   0.12    0.27 ^ clkbuf_4_4_0_clk/X (sky130_fd_sc_hd__clkbuf_16)
   0.00    0.27 ^ _0995_/CLK (sky130_fd_sc_hd__dfxtp_1)
   0.20    0.47 ^ _0995_/Q (sky130_fd_sc_hd__dfxtp_1)
   0.02    0.49 v _0449_/Y (sky130_fd_sc_hd__nand2_1)
   0.04    0.52 ^ _0451_/Y (sky130_fd_sc_hd__o21ai_0)
   0.00    0.53 ^ _0995_/D (sky130_fd_sc_hd__dfxtp_1)
           0.53   data arrival time

   0.00    0.00   clock clk (rise edge)
   0.00    0.00   clock source latency
   0.00    0.00 ^ clk (in)
   0.15    0.15 ^ clkbuf_0_clk/X (sky130_fd_sc_hd__clkbuf_16)
   0.12    0.27 ^ clkbuf_4_4_0_clk/X (sky130_fd_sc_hd__clkbuf_16)
   0.00    0.27 ^ _0995_/CLK (sky130_fd_sc_hd__dfxtp_1)
   0.20    0.47   clock uncertainty
   0.00    0.47   clock reconvergence pessimism
  -0.02    0.45   library hold time
           0.45   data required time
---------------------------------------------------------
           0.45   data required time
          -0.53   data arrival time
---------------------------------------------------------
           0.07   slack (MET)


