Net,li1,met1,met2,met3,met4,met5,
_0000_,50.00%,72.40%,0.00%,NA,NA,NA,
_0001_,100.00%,100.00%,0.00%,NA,NA,NA,
_0002_,100.00%,100.00%,100.00%,NA,NA,NA,
_0003_,100.00%,100.00%,0.00%,NA,NA,NA,
_0004_,50.00%,81.00%,0.00%,NA,NA,NA,
_0005_,100.00%,100.00%,0.00%,NA,NA,NA,
_0006_,100.00%,100.00%,100.00%,NA,NA,NA,
_0007_,100.00%,100.00%,NA,NA,NA,NA,
_0008_,100.00%,100.00%,0.00%,NA,NA,NA,
_0009_,100.00%,100.00%,0.00%,NA,NA,NA,
_0010_,50.00%,100.00%,100.00%,NA,NA,NA,
_0011_,100.00%,100.00%,100.00%,NA,NA,NA,
_0012_,100.00%,100.00%,100.00%,NA,NA,NA,
_0013_,100.00%,100.00%,100.00%,NA,NA,NA,
_0014_,100.00%,100.00%,NA,NA,NA,NA,
_0015_,100.00%,100.00%,0.00%,NA,NA,NA,
_0016_,100.00%,100.00%,0.00%,NA,NA,NA,
_0017_,100.00%,100.00%,0.00%,NA,NA,NA,
_0018_,100.00%,100.00%,0.00%,NA,NA,NA,
_0019_,100.00%,100.00%,0.00%,NA,NA,NA,
_0020_,100.00%,100.00%,NA,NA,NA,NA,
_0021_,100.00%,100.00%,100.00%,NA,NA,NA,
_0022_,100.00%,100.00%,NA,NA,NA,NA,
_0023_,100.00%,100.00%,100.00%,NA,NA,NA,
_0024_,100.00%,100.00%,0.00%,NA,NA,NA,
_0025_,100.00%,100.00%,NA,NA,NA,NA,
_0026_,100.00%,100.00%,100.00%,NA,NA,NA,
_0027_,100.00%,100.00%,100.00%,NA,NA,NA,
_0028_,100.00%,100.00%,0.00%,NA,NA,NA,
_0029_,100.00%,100.00%,0.00%,NA,NA,NA,
_0030_,100.00%,100.00%,100.00%,NA,NA,NA,
_0031_,100.00%,100.00%,100.00%,NA,NA,NA,
_0032_,100.00%,100.00%,100.00%,NA,NA,NA,
_0033_,100.00%,100.00%,NA,NA,NA,NA,
_0034_,100.00%,100.00%,0.00%,NA,NA,NA,
_0035_,100.00%,100.00%,NA,NA,NA,NA,
_0036_,100.00%,100.00%,NA,NA,NA,NA,
_0037_,100.00%,100.00%,100.00%,NA,NA,NA,
_0038_,100.00%,100.00%,100.00%,NA,NA,NA,
_0039_,100.00%,100.00%,100.00%,NA,NA,NA,
_0040_,100.00%,100.00%,0.00%,NA,NA,NA,
_0041_,100.00%,100.00%,0.00%,NA,NA,NA,
_0042_,100.00%,100.00%,100.00%,NA,NA,NA,
_0043_,100.00%,100.00%,100.00%,NA,NA,NA,
_0044_,100.00%,100.00%,0.00%,NA,NA,NA,
_0045_,100.00%,100.00%,100.00%,NA,NA,NA,
_0046_,100.00%,100.00%,100.00%,NA,NA,NA,
_0047_,100.00%,100.00%,NA,NA,NA,NA,
_0048_,100.00%,100.00%,100.00%,NA,NA,NA,
_0049_,100.00%,100.00%,100.00%,NA,NA,NA,
_0050_,100.00%,100.00%,100.00%,NA,NA,NA,
_0051_,100.00%,100.00%,NA,NA,NA,NA,
_0052_,100.00%,100.00%,100.00%,NA,NA,NA,
_0053_,100.00%,100.00%,100.00%,NA,NA,NA,
_0054_,100.00%,100.00%,NA,NA,NA,NA,
_0055_,100.00%,100.00%,100.00%,NA,NA,NA,
_0056_,100.00%,100.00%,100.00%,NA,NA,NA,
_0057_,100.00%,100.00%,100.00%,NA,NA,NA,
_0058_,100.00%,100.00%,0.00%,NA,NA,NA,
_0059_,100.00%,100.00%,100.00%,NA,NA,NA,
_0060_,100.00%,100.00%,100.00%,NA,NA,NA,
_0061_,50.00%,81.00%,0.00%,NA,NA,NA,
_0062_,100.00%,100.00%,100.00%,NA,NA,NA,
_0063_,100.00%,100.00%,0.00%,NA,NA,NA,
_0064_,100.00%,100.00%,NA,NA,NA,NA,
_0065_,100.00%,100.00%,0.00%,NA,NA,NA,
_0066_,100.00%,100.00%,NA,NA,NA,NA,
_0067_,100.00%,100.00%,100.00%,NA,NA,NA,
_0068_,100.00%,100.00%,100.00%,NA,NA,NA,
_0069_,100.00%,100.00%,100.00%,NA,NA,NA,
_0070_,100.00%,100.00%,100.00%,NA,NA,NA,
_0071_,100.00%,100.00%,100.00%,NA,NA,NA,
_0072_,100.00%,100.00%,NA,NA,NA,NA,
_0073_,100.00%,100.00%,100.00%,NA,NA,NA,
_0074_,100.00%,100.00%,100.00%,NA,NA,NA,
_0075_,100.00%,100.00%,0.00%,NA,NA,NA,
_0076_,100.00%,100.00%,0.00%,NA,NA,NA,
_0077_,100.00%,100.00%,0.00%,NA,NA,NA,
_0078_,100.00%,94.99%,100.00%,NA,NA,NA,
_0079_,100.00%,100.00%,0.00%,NA,NA,NA,
_0080_,100.00%,100.00%,0.00%,NA,NA,NA,
_0081_,100.00%,100.00%,0.00%,0.00%,NA,NA,
_0082_,50.00%,100.00%,100.00%,NA,NA,NA,
_0083_,100.00%,100.00%,100.00%,NA,NA,NA,
_0084_,100.00%,100.00%,100.00%,NA,NA,NA,
_0085_,100.00%,100.00%,0.00%,NA,NA,NA,
_0086_,100.00%,100.00%,0.00%,NA,NA,NA,
_0087_,100.00%,100.00%,100.00%,NA,NA,NA,
_0088_,100.00%,100.00%,100.00%,NA,NA,NA,
_0089_,100.00%,100.00%,0.00%,NA,NA,NA,
_0090_,100.00%,100.00%,100.00%,NA,NA,NA,
_0091_,100.00%,100.00%,100.00%,NA,NA,NA,
_0092_,100.00%,100.00%,100.00%,NA,NA,NA,
_0093_,100.00%,100.00%,100.00%,NA,NA,NA,
_0094_,100.00%,100.00%,0.00%,NA,NA,NA,
_0095_,100.00%,100.00%,0.00%,NA,NA,NA,
_0096_,100.00%,100.00%,0.00%,NA,NA,NA,
_0097_,100.00%,100.00%,100.00%,NA,NA,NA,
_0098_,100.00%,100.00%,0.00%,NA,NA,NA,
_0099_,100.00%,100.00%,100.00%,NA,NA,NA,
_0100_,50.00%,87.05%,0.00%,NA,NA,NA,
_0101_,100.00%,100.00%,100.00%,NA,NA,NA,
_0102_,100.00%,100.00%,100.00%,NA,NA,NA,
_0103_,100.00%,100.00%,100.00%,NA,NA,NA,
_0104_,100.00%,100.00%,100.00%,NA,NA,NA,
_0105_,89.71%,97.53%,100.00%,NA,NA,NA,
_0106_,100.00%,100.00%,0.00%,NA,NA,NA,
_0107_,100.00%,100.00%,0.00%,NA,NA,NA,
_0108_,100.00%,100.00%,0.00%,NA,NA,NA,
_0109_,100.00%,100.00%,100.00%,100.00%,NA,NA,
_0110_,50.00%,100.00%,100.00%,NA,NA,NA,
_0111_,100.00%,100.00%,100.00%,NA,NA,NA,
_0112_,100.00%,100.00%,0.00%,NA,NA,NA,
_0113_,100.00%,100.00%,100.00%,NA,NA,NA,
_0114_,100.00%,100.00%,100.00%,NA,NA,NA,
_0115_,100.00%,100.00%,0.00%,NA,NA,NA,
_0116_,100.00%,100.00%,100.00%,100.00%,NA,NA,
_0117_,100.00%,100.00%,0.00%,NA,NA,NA,
_0118_,100.00%,100.00%,0.00%,NA,NA,NA,
_0119_,100.00%,100.00%,100.00%,NA,NA,NA,
_0120_,100.00%,100.00%,100.00%,NA,NA,NA,
_0121_,100.00%,100.00%,100.00%,NA,NA,NA,
_0122_,100.00%,100.00%,NA,NA,NA,NA,
_0123_,100.00%,100.00%,100.00%,NA,NA,NA,
_0124_,100.00%,100.00%,100.00%,NA,NA,NA,
_0125_,100.00%,100.00%,100.00%,NA,NA,NA,
_0126_,100.00%,100.00%,0.00%,NA,NA,NA,
_0127_,100.00%,100.00%,100.00%,NA,NA,NA,
_0128_,100.00%,100.00%,100.00%,NA,NA,NA,
_0257_,100.00%,100.00%,100.00%,NA,NA,NA,
_0258_,100.00%,98.42%,74.87%,NA,NA,NA,
_0259_,100.00%,100.00%,NA,NA,NA,NA,
_0260_,100.00%,100.00%,100.00%,NA,NA,NA,
_0129_,100.00%,100.00%,100.00%,NA,NA,NA,
_0130_,100.00%,100.00%,0.00%,NA,NA,NA,
_0131_,100.00%,100.00%,NA,NA,NA,NA,
_0132_,100.00%,100.00%,0.00%,NA,NA,NA,
_0133_,100.00%,100.00%,0.00%,NA,NA,NA,
_0134_,100.00%,95.77%,0.00%,NA,NA,NA,
_0135_,100.00%,100.00%,100.00%,NA,NA,NA,
_0136_,100.00%,100.00%,100.00%,NA,NA,NA,
_0137_,100.00%,100.00%,100.00%,NA,NA,NA,
_0138_,100.00%,100.00%,88.02%,0.00%,NA,NA,
_0139_,100.00%,100.00%,100.00%,NA,NA,NA,
_0140_,100.00%,100.00%,100.00%,NA,NA,NA,
_0141_,50.00%,87.05%,0.00%,NA,NA,NA,
_0142_,100.00%,100.00%,0.00%,NA,NA,NA,
_0143_,100.00%,100.00%,100.00%,NA,NA,NA,
_0144_,100.00%,100.00%,0.00%,NA,NA,NA,
_0145_,100.00%,100.00%,100.00%,NA,NA,NA,
_0146_,100.00%,100.00%,NA,NA,NA,NA,
_0147_,100.00%,100.00%,100.00%,NA,NA,NA,
_0148_,100.00%,100.00%,0.00%,NA,NA,NA,
_0149_,100.00%,100.00%,0.00%,NA,NA,NA,
_0150_,75.00%,100.00%,100.00%,NA,NA,NA,
_0151_,100.00%,100.00%,100.00%,NA,NA,NA,
_0152_,100.00%,100.00%,0.00%,NA,NA,NA,
_0153_,100.00%,100.00%,100.00%,NA,NA,NA,
_0154_,100.00%,100.00%,100.00%,NA,NA,NA,
_0155_,100.00%,100.00%,100.00%,NA,NA,NA,
_0156_,100.00%,100.00%,100.00%,NA,NA,NA,
_0157_,96.00%,93.69%,84.44%,0.00%,NA,NA,
_0158_,100.00%,99.91%,100.00%,NA,NA,NA,
_0159_,100.00%,100.00%,87.26%,0.00%,NA,NA,
_0160_,100.00%,100.00%,0.00%,NA,NA,NA,
_0161_,100.00%,100.00%,93.85%,100.00%,NA,NA,
_0162_,100.00%,100.00%,0.00%,NA,NA,NA,
_0163_,98.79%,99.54%,97.27%,NA,NA,NA,
_0164_,100.00%,100.00%,100.00%,100.00%,NA,NA,
_0165_,100.00%,96.09%,87.58%,100.00%,NA,NA,
_0166_,100.00%,100.00%,34.65%,NA,NA,NA,
_0167_,100.00%,87.30%,54.64%,0.00%,NA,NA,
_0168_,100.00%,100.00%,NA,NA,NA,NA,
_0169_,98.79%,93.20%,95.55%,NA,NA,NA,
_0170_,100.00%,100.00%,0.00%,NA,NA,NA,
_0171_,94.12%,94.81%,79.90%,0.00%,NA,NA,
_0172_,100.00%,100.00%,100.00%,NA,NA,NA,
_0173_,100.00%,86.47%,88.50%,NA,NA,NA,
_0174_,100.00%,100.00%,77.09%,NA,NA,NA,
_0175_,100.00%,91.71%,94.10%,NA,NA,NA,
_0176_,100.00%,100.00%,100.00%,0.00%,NA,NA,
_0177_,100.00%,100.00%,100.00%,NA,NA,NA,
_0178_,93.70%,87.05%,79.93%,NA,NA,NA,
_0179_,100.00%,100.00%,100.00%,NA,NA,NA,
_0180_,100.00%,100.00%,100.00%,NA,NA,NA,
_0181_,50.00%,23.52%,0.00%,0.00%,NA,NA,
_0182_,100.00%,100.00%,100.00%,NA,NA,NA,
_0183_,50.00%,31.99%,0.00%,NA,NA,NA,
_0184_,100.00%,100.00%,0.00%,NA,NA,NA,
_0185_,100.00%,100.00%,0.00%,NA,NA,NA,
_0186_,100.00%,100.00%,100.00%,NA,NA,NA,
_0187_,100.00%,100.00%,100.00%,NA,NA,NA,
_0188_,100.00%,100.00%,100.00%,NA,NA,NA,
_0189_,100.00%,100.00%,100.00%,NA,NA,NA,
_0190_,100.00%,100.00%,0.00%,NA,NA,NA,
_0191_,100.00%,100.00%,0.00%,NA,NA,NA,
_0192_,100.00%,100.00%,100.00%,NA,NA,NA,
_0193_,100.00%,100.00%,100.00%,NA,NA,NA,
_0194_,100.00%,100.00%,100.00%,NA,NA,NA,
_0195_,100.00%,100.00%,100.00%,NA,NA,NA,
_0196_,100.00%,100.00%,100.00%,NA,NA,NA,
_0197_,100.00%,100.00%,NA,NA,NA,NA,
_0198_,50.00%,39.33%,100.00%,NA,NA,NA,
_0199_,100.00%,100.00%,100.00%,NA,NA,NA,
_0200_,100.00%,100.00%,100.00%,NA,NA,NA,
_0201_,100.00%,100.00%,0.00%,0.00%,NA,NA,
_0202_,100.00%,100.00%,0.00%,NA,NA,NA,
_0203_,100.00%,100.00%,100.00%,NA,NA,NA,
_0204_,100.00%,100.00%,100.00%,NA,NA,NA,
_0205_,100.00%,100.00%,NA,NA,NA,NA,
_0206_,100.00%,100.00%,0.00%,NA,NA,NA,
_0207_,100.00%,100.00%,100.00%,NA,NA,NA,
_0208_,100.00%,81.17%,96.49%,NA,NA,NA,
_0209_,100.00%,100.00%,0.00%,NA,NA,NA,
_0210_,100.00%,100.00%,0.00%,NA,NA,NA,
_0211_,100.00%,100.00%,NA,NA,NA,NA,
_0212_,100.00%,100.00%,0.00%,NA,NA,NA,
_0213_,100.00%,100.00%,NA,NA,NA,NA,
_0214_,100.00%,100.00%,0.00%,NA,NA,NA,
_0215_,100.00%,100.00%,NA,NA,NA,NA,
_0216_,100.00%,100.00%,100.00%,NA,NA,NA,
_0217_,100.00%,94.08%,59.76%,0.00%,NA,NA,
_0218_,100.00%,100.00%,NA,NA,NA,NA,
_0219_,100.00%,100.00%,100.00%,NA,NA,NA,
_0220_,100.00%,100.00%,NA,NA,NA,NA,
_0221_,89.71%,92.17%,NA,NA,NA,NA,
_0222_,100.00%,100.00%,100.00%,NA,NA,NA,
_0223_,100.00%,100.00%,NA,NA,NA,NA,
_0224_,100.00%,100.00%,100.00%,NA,NA,NA,
_0225_,100.00%,95.97%,94.81%,0.00%,NA,NA,
_0226_,100.00%,100.00%,NA,NA,NA,NA,
_0227_,100.00%,100.00%,100.00%,NA,NA,NA,
_0228_,100.00%,100.00%,0.00%,NA,NA,NA,
_0229_,100.00%,100.00%,100.00%,NA,NA,NA,
_0230_,100.00%,100.00%,100.00%,0.00%,0.00%,NA,
_0231_,100.00%,100.00%,100.00%,NA,NA,NA,
_0232_,100.00%,100.00%,100.00%,NA,NA,NA,
_0233_,100.00%,100.00%,77.25%,0.00%,NA,NA,
_0234_,100.00%,100.00%,0.00%,NA,NA,NA,
_0235_,100.00%,100.00%,100.00%,NA,NA,NA,
_0236_,100.00%,100.00%,NA,NA,NA,NA,
_0237_,50.00%,11.79%,0.00%,NA,NA,NA,
_0238_,100.00%,100.00%,100.00%,NA,NA,NA,
_0239_,100.00%,100.00%,0.00%,NA,NA,NA,
_0240_,100.00%,100.00%,NA,NA,NA,NA,
_0241_,100.00%,94.63%,67.49%,NA,NA,NA,
_0242_,100.00%,100.00%,100.00%,NA,NA,NA,
_0243_,100.00%,100.00%,100.00%,NA,NA,NA,
_0244_,100.00%,100.00%,NA,NA,NA,NA,
_0245_,100.00%,100.00%,NA,NA,NA,NA,
_0246_,100.00%,100.00%,100.00%,NA,NA,NA,
_0247_,100.00%,100.00%,NA,NA,NA,NA,
_0248_,100.00%,100.00%,NA,NA,NA,NA,
_0249_,100.00%,100.00%,68.70%,NA,NA,NA,
_0250_,100.00%,87.33%,92.37%,0.00%,NA,NA,
_0251_,100.00%,100.00%,0.00%,NA,NA,NA,
_0252_,100.00%,100.00%,NA,NA,NA,NA,
_0253_,100.00%,100.00%,0.00%,NA,NA,NA,
_0254_,100.00%,100.00%,NA,NA,NA,NA,
_0255_,100.00%,100.00%,100.00%,NA,NA,NA,
_0256_,100.00%,100.00%,100.00%,NA,NA,NA,
mem\[2\]\[0\],100.00%,100.00%,100.00%,NA,NA,NA,
mem\[2\]\[1\],100.00%,100.00%,0.00%,NA,NA,NA,
mem\[2\]\[2\],100.00%,100.00%,0.00%,NA,NA,NA,
mem\[2\]\[3\],100.00%,100.00%,100.00%,NA,NA,NA,
mem\[2\]\[4\],100.00%,100.00%,100.00%,100.00%,NA,NA,
mem\[2\]\[5\],100.00%,100.00%,100.00%,100.00%,NA,NA,
mem\[2\]\[6\],100.00%,100.00%,100.00%,NA,NA,NA,
mem\[2\]\[7\],100.00%,100.00%,87.16%,0.00%,NA,NA,
mem\[3\]\[0\],100.00%,100.00%,100.00%,NA,NA,NA,
_0261_,100.00%,100.00%,NA,NA,NA,NA,
_0262_,100.00%,100.00%,100.00%,NA,NA,NA,
_0263_,100.00%,100.00%,NA,NA,NA,NA,
_0264_,100.00%,100.00%,100.00%,NA,NA,NA,
_0265_,100.00%,100.00%,0.00%,NA,NA,NA,
_0266_,100.00%,87.24%,50.73%,NA,NA,NA,
_0267_,100.00%,100.00%,100.00%,NA,NA,NA,
_0268_,100.00%,100.00%,0.00%,NA,NA,NA,
_0269_,100.00%,100.00%,0.00%,NA,NA,NA,
_0270_,100.00%,100.00%,NA,NA,NA,NA,
_0271_,100.00%,100.00%,0.00%,NA,NA,NA,
_0272_,100.00%,100.00%,NA,NA,NA,NA,
_0273_,100.00%,100.00%,100.00%,NA,NA,NA,
_0274_,100.00%,95.19%,85.54%,0.00%,0.00%,NA,
_0275_,100.00%,100.00%,0.00%,NA,NA,NA,
_0276_,100.00%,100.00%,100.00%,NA,NA,NA,
_0277_,100.00%,100.00%,NA,NA,NA,NA,
_0278_,100.00%,100.00%,0.00%,NA,NA,NA,
_0279_,100.00%,100.00%,78.20%,0.00%,NA,NA,
_0280_,100.00%,100.00%,0.00%,NA,NA,NA,
_0281_,100.00%,100.00%,NA,NA,NA,NA,
_0282_,100.00%,100.00%,100.00%,NA,NA,NA,
_0283_,100.00%,100.00%,93.11%,NA,NA,NA,
_0284_,100.00%,100.00%,NA,NA,NA,NA,
_0285_,100.00%,100.00%,NA,NA,NA,NA,
_0286_,100.00%,100.00%,100.00%,NA,NA,NA,
_0287_,100.00%,100.00%,0.00%,NA,NA,NA,
_0288_,100.00%,100.00%,0.00%,NA,NA,NA,
_0289_,100.00%,100.00%,100.00%,NA,NA,NA,
_0290_,100.00%,100.00%,100.00%,NA,NA,NA,
_0291_,97.40%,98.38%,46.08%,0.00%,NA,NA,
_0292_,100.00%,100.00%,0.00%,NA,NA,NA,
_0293_,100.00%,100.00%,NA,NA,NA,NA,
_0294_,100.00%,100.00%,0.00%,NA,NA,NA,
_0295_,100.00%,100.00%,NA,NA,NA,NA,
_0296_,100.00%,100.00%,100.00%,NA,NA,NA,
_0297_,100.00%,100.00%,100.00%,NA,NA,NA,
_0298_,100.00%,100.00%,0.00%,NA,NA,NA,
_0299_,100.00%,93.38%,84.70%,0.00%,NA,NA,
_0300_,100.00%,100.00%,NA,NA,NA,NA,
_0301_,100.00%,100.00%,0.00%,NA,NA,NA,
_0302_,100.00%,100.00%,100.00%,NA,NA,NA,
_0303_,100.00%,100.00%,NA,NA,NA,NA,
_0304_,100.00%,100.00%,0.00%,NA,NA,NA,
_0305_,100.00%,100.00%,100.00%,NA,NA,NA,
_0306_,100.00%,100.00%,100.00%,NA,NA,NA,
_0307_,100.00%,100.00%,100.00%,NA,NA,NA,
_0308_,100.00%,100.00%,0.00%,NA,NA,NA,
_0309_,100.00%,100.00%,100.00%,NA,NA,NA,
_0310_,50.00%,50.00%,100.00%,NA,NA,NA,
_0311_,100.00%,100.00%,100.00%,100.00%,NA,NA,
_0312_,100.00%,100.00%,100.00%,NA,NA,NA,
_0313_,100.00%,100.00%,100.00%,100.00%,NA,NA,
_0314_,100.00%,100.00%,NA,NA,NA,NA,
_0315_,100.00%,100.00%,100.00%,100.00%,NA,NA,
_0316_,100.00%,100.00%,0.00%,NA,NA,NA,
_0317_,100.00%,100.00%,100.00%,100.00%,NA,NA,
_0318_,100.00%,100.00%,0.00%,NA,NA,NA,
_0319_,100.00%,100.00%,100.00%,NA,NA,NA,
_0320_,50.00%,87.02%,100.00%,100.00%,NA,NA,
_0321_,100.00%,100.00%,100.00%,NA,NA,NA,
_0322_,100.00%,100.00%,100.00%,100.00%,NA,NA,
_0323_,100.00%,100.00%,100.00%,NA,NA,NA,
_0324_,100.00%,100.00%,NA,NA,NA,NA,
_0325_,100.00%,100.00%,100.00%,NA,NA,NA,
_0326_,100.00%,100.00%,0.00%,NA,NA,NA,
_0327_,100.00%,100.00%,100.00%,NA,NA,NA,
_0328_,100.00%,100.00%,0.00%,NA,NA,NA,
_0329_,100.00%,100.00%,71.14%,NA,NA,NA,
_0330_,100.00%,100.00%,100.00%,NA,NA,NA,
_0331_,100.00%,100.00%,100.00%,NA,NA,NA,
_0332_,100.00%,100.00%,100.00%,NA,NA,NA,
_0333_,100.00%,100.00%,100.00%,NA,NA,NA,
_0334_,100.00%,100.00%,100.00%,NA,NA,NA,
_0335_,100.00%,100.00%,0.00%,NA,NA,NA,
_0336_,100.00%,99.76%,NA,NA,NA,NA,
_0337_,100.00%,100.00%,100.00%,NA,NA,NA,
_0338_,100.00%,100.00%,100.00%,100.00%,NA,NA,
_0339_,100.00%,100.00%,100.00%,0.00%,0.00%,NA,
_0340_,100.00%,100.00%,100.00%,100.00%,NA,NA,
_0341_,100.00%,100.00%,100.00%,NA,NA,NA,
_0342_,100.00%,100.00%,NA,NA,NA,NA,
_0343_,100.00%,100.00%,100.00%,NA,NA,NA,
_0344_,100.00%,100.00%,100.00%,NA,NA,NA,
_0345_,100.00%,100.00%,NA,NA,NA,NA,
_0346_,100.00%,100.00%,100.00%,NA,NA,NA,
_0347_,100.00%,100.00%,100.00%,100.00%,NA,NA,
_0348_,100.00%,100.00%,100.00%,NA,NA,NA,
_0349_,89.71%,84.62%,100.00%,100.00%,NA,NA,
_0350_,100.00%,100.00%,NA,NA,NA,NA,
_0351_,100.00%,100.00%,0.00%,NA,NA,NA,
_0352_,100.00%,100.00%,NA,NA,NA,NA,
_0353_,100.00%,100.00%,100.00%,NA,NA,NA,
_0354_,100.00%,100.00%,100.00%,NA,NA,NA,
_0355_,100.00%,100.00%,100.00%,NA,NA,NA,
_0356_,100.00%,100.00%,0.00%,0.00%,NA,NA,
_0357_,100.00%,100.00%,100.00%,NA,NA,NA,
_0358_,100.00%,100.00%,100.00%,NA,NA,NA,
_0359_,100.00%,100.00%,NA,NA,NA,NA,
_0360_,100.00%,100.00%,NA,NA,NA,NA,
_0361_,100.00%,100.00%,NA,NA,NA,NA,
_0362_,100.00%,100.00%,29.07%,NA,NA,NA,
_0363_,100.00%,100.00%,100.00%,NA,NA,NA,
_0364_,100.00%,100.00%,100.00%,NA,NA,NA,
_0365_,100.00%,93.07%,69.75%,NA,NA,NA,
_0366_,100.00%,100.00%,100.00%,NA,NA,NA,
_0367_,100.00%,100.00%,0.00%,NA,NA,NA,
_0368_,100.00%,100.00%,100.00%,NA,NA,NA,
_0369_,100.00%,100.00%,0.00%,NA,NA,NA,
_0370_,100.00%,98.74%,69.47%,0.00%,NA,NA,
_0371_,100.00%,100.00%,100.00%,NA,NA,NA,
_0372_,72.06%,84.75%,0.00%,NA,NA,NA,
_0373_,100.00%,100.00%,0.00%,NA,NA,NA,
_0374_,100.00%,100.00%,100.00%,NA,NA,NA,
_0375_,100.00%,100.00%,NA,NA,NA,NA,
_0376_,100.00%,100.00%,100.00%,NA,NA,NA,
_0377_,100.00%,100.00%,100.00%,NA,NA,NA,
_0378_,100.00%,99.12%,92.84%,0.00%,NA,NA,
_0379_,100.00%,100.00%,0.00%,NA,NA,NA,
_0380_,100.00%,73.91%,0.00%,NA,NA,NA,
_0381_,100.00%,100.00%,NA,NA,NA,NA,
_0382_,100.00%,100.00%,100.00%,NA,NA,NA,
_0383_,100.00%,100.00%,100.00%,NA,NA,NA,
_0384_,100.00%,100.00%,NA,NA,NA,NA,
_0385_,100.00%,100.00%,80.61%,NA,NA,NA,
_0386_,100.00%,100.00%,86.33%,0.00%,NA,NA,
_0387_,100.00%,100.00%,0.00%,NA,NA,NA,
_0388_,100.00%,100.00%,0.00%,NA,NA,NA,
_0389_,100.00%,100.00%,NA,NA,NA,NA,
_0390_,100.00%,100.00%,0.00%,NA,NA,NA,
_0391_,100.00%,100.00%,100.00%,NA,NA,NA,
_0392_,100.00%,100.00%,0.00%,NA,NA,NA,
_0393_,100.00%,100.00%,100.00%,NA,NA,NA,
_0394_,89.71%,100.00%,100.00%,NA,NA,NA,
_0395_,100.00%,100.00%,0.00%,NA,NA,NA,
_0396_,50.00%,100.00%,0.00%,NA,NA,NA,
_0397_,100.00%,100.00%,100.00%,NA,NA,NA,
_0398_,100.00%,100.00%,100.00%,100.00%,NA,NA,
_0399_,100.00%,100.00%,100.00%,NA,NA,NA,
_0400_,100.00%,100.00%,100.00%,100.00%,NA,NA,
_0401_,100.00%,100.00%,NA,NA,NA,NA,
_0402_,100.00%,100.00%,100.00%,NA,NA,NA,
_0403_,100.00%,100.00%,0.00%,NA,NA,NA,
_0404_,100.00%,100.00%,100.00%,NA,NA,NA,
_0405_,100.00%,100.00%,NA,NA,NA,NA,
_0406_,100.00%,100.00%,100.00%,NA,NA,NA,
_0407_,100.00%,100.00%,0.00%,NA,NA,NA,
_0408_,100.00%,100.00%,NA,NA,NA,NA,
_0409_,100.00%,99.58%,96.19%,NA,NA,NA,
_0410_,100.00%,100.00%,100.00%,NA,NA,NA,
_0411_,100.00%,100.00%,100.00%,NA,NA,NA,
_0412_,100.00%,100.00%,0.00%,NA,NA,NA,
_0413_,100.00%,100.00%,0.00%,NA,NA,NA,
_0414_,100.00%,100.00%,NA,NA,NA,NA,
_0415_,100.00%,100.00%,NA,NA,NA,NA,
_0416_,100.00%,100.00%,0.00%,NA,NA,NA,
_0417_,100.00%,100.00%,NA,NA,NA,NA,
_0418_,100.00%,100.00%,86.38%,NA,NA,NA,
_0419_,100.00%,100.00%,100.00%,NA,NA,NA,
_0420_,100.00%,100.00%,100.00%,NA,NA,NA,
_0421_,100.00%,100.00%,100.00%,NA,NA,NA,
_0422_,50.00%,73.93%,100.00%,NA,NA,NA,
_0423_,100.00%,100.00%,0.00%,NA,NA,NA,
_0424_,100.00%,100.00%,0.00%,NA,NA,NA,
clk,100.00%,97.69%,0.00%,0.00%,NA,NA,
count\[0\],100.00%,100.00%,100.00%,NA,NA,NA,
count\[1\],100.00%,100.00%,78.38%,NA,NA,NA,
count\[2\],100.00%,92.49%,75.24%,NA,NA,NA,
count\[3\],94.49%,95.40%,94.97%,NA,NA,NA,
count\[4\],100.00%,96.52%,37.01%,NA,NA,NA,
data_in[0],100.00%,100.00%,NA,NA,NA,NA,
data_in[1],100.00%,100.00%,100.00%,NA,NA,NA,
data_in[2],100.00%,100.00%,NA,NA,NA,NA,
data_in[3],100.00%,92.77%,0.00%,NA,NA,NA,
data_in[4],100.00%,100.00%,NA,NA,NA,NA,
data_in[5],100.00%,100.00%,100.00%,100.00%,NA,NA,
data_in[6],100.00%,100.00%,0.00%,0.00%,NA,NA,
data_in[7],100.00%,100.00%,NA,NA,NA,NA,
data_out[0],100.00%,100.00%,59.88%,NA,NA,NA,
data_out[1],100.00%,100.00%,0.00%,NA,NA,NA,
data_out[2],50.00%,66.01%,35.60%,0.00%,NA,NA,
data_out[3],100.00%,100.00%,0.00%,NA,NA,NA,
data_out[4],100.00%,100.00%,NA,NA,NA,NA,
data_out[5],100.00%,100.00%,100.00%,NA,NA,NA,
data_out[6],100.00%,100.00%,100.00%,NA,NA,NA,
data_out[7],100.00%,100.00%,0.00%,0.00%,NA,NA,
empty,100.00%,92.76%,100.00%,NA,NA,NA,
full,100.00%,100.00%,100.00%,NA,NA,NA,
mem\[0\]\[0\],100.00%,100.00%,100.00%,NA,NA,NA,
mem\[0\]\[1\],100.00%,100.00%,100.00%,NA,NA,NA,
mem\[0\]\[2\],100.00%,100.00%,0.00%,NA,NA,NA,
mem\[0\]\[3\],100.00%,100.00%,100.00%,NA,NA,NA,
mem\[0\]\[4\],100.00%,100.00%,0.00%,NA,NA,NA,
mem\[0\]\[5\],100.00%,100.00%,100.00%,NA,NA,NA,
mem\[0\]\[6\],100.00%,100.00%,100.00%,NA,NA,NA,
mem\[0\]\[7\],100.00%,100.00%,100.00%,NA,NA,NA,
mem\[10\]\[0\],81.37%,97.16%,73.38%,NA,NA,NA,
mem\[10\]\[1\],100.00%,100.00%,100.00%,NA,NA,NA,
mem\[10\]\[2\],100.00%,100.00%,100.00%,NA,NA,NA,
mem\[10\]\[3\],100.00%,100.00%,100.00%,NA,NA,NA,
mem\[10\]\[4\],100.00%,100.00%,73.12%,NA,NA,NA,
mem\[10\]\[5\],100.00%,100.00%,100.00%,NA,NA,NA,
mem\[10\]\[6\],100.00%,100.00%,46.21%,NA,NA,NA,
mem\[10\]\[7\],100.00%,100.00%,100.00%,NA,NA,NA,
mem\[11\]\[0\],100.00%,100.00%,0.00%,NA,NA,NA,
mem\[11\]\[1\],100.00%,100.00%,99.43%,NA,NA,NA,
mem\[11\]\[2\],100.00%,100.00%,100.00%,NA,NA,NA,
mem\[11\]\[3\],100.00%,100.00%,32.39%,0.00%,NA,NA,
mem\[11\]\[4\],100.00%,100.00%,0.00%,NA,NA,NA,
mem\[11\]\[5\],100.00%,100.00%,82.50%,0.00%,NA,NA,
mem\[11\]\[6\],100.00%,100.00%,99.33%,NA,NA,NA,
mem\[11\]\[7\],100.00%,84.90%,100.00%,NA,NA,NA,
mem\[12\]\[0\],100.00%,100.00%,100.00%,NA,NA,NA,
mem\[12\]\[1\],100.00%,88.53%,53.93%,NA,NA,NA,
mem\[12\]\[2\],100.00%,100.00%,100.00%,NA,NA,NA,
mem\[12\]\[3\],100.00%,100.00%,100.00%,NA,NA,NA,
mem\[12\]\[4\],81.37%,100.00%,100.00%,NA,NA,NA,
mem\[12\]\[5\],100.00%,100.00%,100.00%,NA,NA,NA,
mem\[12\]\[6\],100.00%,100.00%,100.00%,NA,NA,NA,
mem\[12\]\[7\],100.00%,100.00%,100.00%,NA,NA,NA,
mem\[13\]\[0\],100.00%,100.00%,100.00%,NA,NA,NA,
mem\[13\]\[1\],100.00%,100.00%,100.00%,NA,NA,NA,
mem\[13\]\[2\],81.37%,97.49%,100.00%,NA,NA,NA,
mem\[13\]\[3\],100.00%,100.00%,100.00%,NA,NA,NA,
mem\[13\]\[4\],100.00%,100.00%,100.00%,NA,NA,NA,
mem\[13\]\[5\],100.00%,100.00%,100.00%,NA,NA,NA,
mem\[13\]\[6\],100.00%,100.00%,100.00%,NA,NA,NA,
mem\[13\]\[7\],100.00%,100.00%,100.00%,NA,NA,NA,
mem\[14\]\[0\],100.00%,100.00%,100.00%,NA,NA,NA,
mem\[14\]\[1\],100.00%,100.00%,0.00%,NA,NA,NA,
mem\[14\]\[2\],100.00%,100.00%,100.00%,NA,NA,NA,
mem\[14\]\[3\],100.00%,100.00%,100.00%,NA,NA,NA,
mem\[14\]\[4\],100.00%,100.00%,100.00%,NA,NA,NA,
mem\[14\]\[5\],100.00%,100.00%,100.00%,NA,NA,NA,
mem\[14\]\[6\],100.00%,100.00%,100.00%,NA,NA,NA,
mem\[14\]\[7\],100.00%,100.00%,100.00%,NA,NA,NA,
mem\[15\]\[0\],100.00%,100.00%,100.00%,NA,NA,NA,
mem\[15\]\[1\],100.00%,100.00%,100.00%,NA,NA,NA,
mem\[15\]\[2\],100.00%,75.58%,27.11%,NA,NA,NA,
mem\[15\]\[3\],100.00%,100.00%,80.08%,NA,NA,NA,
mem\[15\]\[4\],81.37%,74.04%,100.00%,NA,NA,NA,
mem\[15\]\[5\],100.00%,100.00%,100.00%,NA,NA,NA,
mem\[15\]\[6\],85.29%,87.18%,96.96%,NA,NA,NA,
mem\[15\]\[7\],100.00%,100.00%,100.00%,NA,NA,NA,
mem\[1\]\[0\],100.00%,100.00%,100.00%,NA,NA,NA,
mem\[1\]\[1\],100.00%,100.00%,100.00%,NA,NA,NA,
mem\[1\]\[2\],100.00%,100.00%,0.00%,NA,NA,NA,
mem\[1\]\[3\],100.00%,100.00%,100.00%,NA,NA,NA,
mem\[1\]\[4\],100.00%,100.00%,0.00%,NA,NA,NA,
mem\[1\]\[5\],100.00%,100.00%,60.37%,NA,NA,NA,
mem\[1\]\[6\],100.00%,100.00%,0.00%,0.00%,NA,NA,
mem\[1\]\[7\],100.00%,100.00%,100.00%,NA,NA,NA,
mem\[3\]\[1\],100.00%,100.00%,0.00%,NA,NA,NA,
mem\[3\]\[2\],66.67%,82.09%,100.00%,NA,NA,NA,
mem\[3\]\[3\],100.00%,100.00%,100.00%,NA,NA,NA,
mem\[3\]\[4\],100.00%,100.00%,0.00%,NA,NA,NA,
mem\[3\]\[5\],100.00%,100.00%,0.00%,NA,NA,NA,
mem\[3\]\[6\],100.00%,100.00%,0.00%,NA,NA,NA,
mem\[3\]\[7\],100.00%,89.25%,66.67%,NA,NA,NA,
mem\[4\]\[0\],100.00%,100.00%,100.00%,NA,NA,NA,
mem\[4\]\[1\],66.67%,100.00%,100.00%,NA,NA,NA,
mem\[4\]\[2\],100.00%,85.58%,47.85%,NA,NA,NA,
mem\[4\]\[3\],100.00%,100.00%,100.00%,NA,NA,NA,
mem\[4\]\[4\],100.00%,100.00%,0.00%,NA,NA,NA,
mem\[4\]\[5\],100.00%,38.42%,27.62%,NA,NA,NA,
mem\[4\]\[6\],100.00%,100.00%,0.00%,NA,NA,NA,
mem\[4\]\[7\],100.00%,100.00%,64.47%,NA,NA,NA,
mem\[5\]\[0\],100.00%,100.00%,100.00%,NA,NA,NA,
mem\[5\]\[1\],100.00%,100.00%,100.00%,NA,NA,NA,
mem\[5\]\[2\],100.00%,100.00%,100.00%,NA,NA,NA,
mem\[5\]\[3\],100.00%,100.00%,100.00%,NA,NA,NA,
mem\[5\]\[4\],66.67%,94.50%,56.22%,NA,NA,NA,
mem\[5\]\[5\],66.67%,100.00%,100.00%,100.00%,NA,NA,
mem\[5\]\[6\],100.00%,100.00%,0.00%,NA,NA,NA,
mem\[5\]\[7\],100.00%,100.00%,100.00%,NA,NA,NA,
mem\[6\]\[0\],100.00%,100.00%,0.00%,NA,NA,NA,
mem\[6\]\[1\],100.00%,100.00%,100.00%,NA,NA,NA,
mem\[6\]\[2\],100.00%,100.00%,100.00%,NA,NA,NA,
mem\[6\]\[3\],100.00%,79.37%,59.64%,NA,NA,NA,
mem\[6\]\[4\],66.67%,85.58%,0.00%,NA,NA,NA,
mem\[6\]\[5\],93.14%,100.00%,100.00%,96.80%,NA,NA,
mem\[6\]\[6\],100.00%,100.00%,100.00%,NA,NA,NA,
mem\[6\]\[7\],100.00%,100.00%,100.00%,NA,NA,NA,
mem\[7\]\[0\],66.67%,90.80%,61.38%,NA,NA,NA,
mem\[7\]\[1\],100.00%,100.00%,100.00%,NA,NA,NA,
mem\[7\]\[2\],100.00%,100.00%,100.00%,NA,NA,NA,
mem\[7\]\[3\],94.85%,98.46%,0.00%,NA,NA,NA,
mem\[7\]\[4\],100.00%,100.00%,0.00%,NA,NA,NA,
mem\[7\]\[5\],100.00%,68.82%,19.30%,100.00%,NA,NA,
mem\[7\]\[6\],100.00%,100.00%,100.00%,NA,NA,NA,
mem\[7\]\[7\],100.00%,100.00%,0.00%,NA,NA,NA,
mem\[8\]\[0\],100.00%,92.20%,41.48%,NA,NA,NA,
mem\[8\]\[1\],100.00%,92.49%,0.00%,NA,NA,NA,
mem\[8\]\[2\],100.00%,100.00%,0.00%,NA,NA,NA,
mem\[8\]\[3\],100.00%,100.00%,30.09%,NA,NA,NA,
mem\[8\]\[4\],100.00%,100.00%,0.00%,NA,NA,NA,
mem\[8\]\[5\],100.00%,100.00%,100.00%,NA,NA,NA,
mem\[8\]\[6\],100.00%,100.00%,100.00%,NA,NA,NA,
mem\[8\]\[7\],100.00%,100.00%,100.00%,NA,NA,NA,
mem\[9\]\[0\],100.00%,100.00%,6.91%,NA,NA,NA,
mem\[9\]\[1\],100.00%,100.00%,0.00%,NA,NA,NA,
mem\[9\]\[2\],100.00%,100.00%,0.00%,NA,NA,NA,
mem\[9\]\[3\],100.00%,99.90%,100.00%,NA,NA,NA,
mem\[9\]\[4\],100.00%,100.00%,82.27%,NA,NA,NA,
mem\[9\]\[5\],100.00%,100.00%,100.00%,NA,NA,NA,
mem\[9\]\[6\],100.00%,100.00%,0.00%,NA,NA,NA,
mem\[9\]\[7\],100.00%,100.00%,0.00%,NA,NA,NA,
rd_en,100.00%,100.00%,94.90%,NA,NA,NA,
rd_ptr\[0\],99.24%,92.97%,73.25%,41.69%,NA,NA,
rd_ptr\[1\],100.00%,85.91%,75.48%,48.97%,NA,NA,
rd_ptr\[2\],94.74%,99.20%,94.14%,NA,NA,NA,
rd_ptr\[3\],100.00%,86.44%,93.11%,47.81%,NA,NA,
rst,100.00%,95.06%,66.67%,0.00%,NA,NA,
wr_en,100.00%,100.00%,100.00%,NA,NA,NA,
wr_ptr\[0\],100.00%,84.79%,91.93%,NA,NA,NA,
wr_ptr\[1\],100.00%,95.19%,70.20%,NA,NA,NA,
wr_ptr\[2\],100.00%,100.00%,61.41%,0.00%,NA,NA,
wr_ptr\[3\],100.00%,100.00%,100.00%,NA,NA,NA,
clknet_0_clk,96.41%,92.76%,57.67%,0.00%,0.00%,NA,
clknet_4_0_0_clk,100.00%,90.69%,46.98%,NA,NA,NA,
clknet_4_1_0_clk,90.00%,98.35%,60.37%,NA,NA,NA,
clknet_4_2_0_clk,91.67%,99.05%,92.52%,NA,NA,NA,
clknet_4_3_0_clk,100.00%,96.21%,32.94%,NA,NA,NA,
clknet_4_4_0_clk,100.00%,100.00%,55.40%,NA,NA,NA,
clknet_4_5_0_clk,100.00%,96.52%,74.38%,NA,NA,NA,
clknet_4_6_0_clk,100.00%,100.00%,43.58%,NA,NA,NA,
clknet_4_7_0_clk,98.13%,89.01%,81.29%,NA,NA,NA,
clknet_4_8_0_clk,100.00%,98.02%,52.96%,NA,NA,NA,
clknet_4_9_0_clk,100.00%,100.00%,85.73%,NA,NA,NA,
clknet_4_10_0_clk,100.00%,100.00%,92.95%,NA,NA,NA,
clknet_4_11_0_clk,100.00%,100.00%,60.84%,NA,NA,NA,
clknet_4_12_0_clk,100.00%,92.03%,100.00%,NA,NA,NA,
clknet_4_13_0_clk,100.00%,98.16%,83.06%,NA,NA,NA,
clknet_4_14_0_clk,91.67%,92.55%,100.00%,NA,NA,NA,
clknet_4_15_0_clk,100.00%,92.58%,83.71%,NA,NA,NA,
Total,98.24%,96.09%,78.84%,58.82%,0.00%,NA,82.92%,
