Startpoint: _846_ (rising edge-triggered flip-flop clocked by clk)
Endpoint: _711_ (rising edge-triggered flip-flop clocked by clk)
Path Group: clk
Path Type: max

  Delay    Time   Description
---------------------------------------------------------
   0.00    0.00   clock clk (rise edge)
   0.43    0.43   clock network delay (propagated)
   0.00    0.43 ^ _846_/CLK (sky130_fd_sc_hdll__dfrtp_1)
   0.91    1.34 ^ _846_/Q (sky130_fd_sc_hdll__dfrtp_1)
   0.11    1.46 v _355_/Y (sky130_fd_sc_hdll__nor4_6)
   1.22    2.68 ^ _359_/Y (sky130_fd_sc_hdll__a21boi_1)
   0.32    3.00 ^ _361_/X (sky130_fd_sc_hdll__and2_1)
   0.14    3.14 v _363_/Y (sky130_fd_sc_hdll__nand3_1)
   3.17    6.31 ^ _364_/Y (sky130_fd_sc_hdll__nor3b_1)
   0.66    6.97 ^ _368_/X (sky130_fd_sc_hdll__mux2_12)
   0.00    6.97 ^ _711_/D (sky130_fd_sc_hdll__dfrtp_1)
           6.97   data arrival time

  10.00   10.00   clock clk (rise edge)
   0.43   10.43   clock network delay (propagated)
   0.00   10.43   clock reconvergence pessimism
          10.43 ^ _711_/CLK (sky130_fd_sc_hdll__dfrtp_1)
  -0.08   10.35   library setup time
          10.35   data required time
---------------------------------------------------------
          10.35   data required time
          -6.97   data arrival time
---------------------------------------------------------
           3.38   slack (MET)


